<?xml version="1.0" encoding="UTF-8"?>
<!-- Generated by org.testng.reporters.JUnitReportReporter -->
<testsuite hostname="amrit" name="hotwire_automation_Testcases.Search_Test_Cases" tests="1" failures="0" timestamp="13 Nov 2019 13:40:24 GMT" time="49.290" errors="0">
  <testcase name="Searchtest" time="49.290" classname="hotwire_automation_Testcases.Search_Test_Cases"/>
</testsuite> <!-- hotwire_automation_Testcases.Search_Test_Cases -->
